  WeightedGraph.cpp
c:\users\omer khan\documents\2211\lab12\lab12\weightedgraph.h(53): warning C4290: C++ exception specification ignored except to indicate a function is not __declspec(nothrow)
c:\users\omer khan\documents\2211\lab12\lab12\weightedgraph.h(55): warning C4290: C++ exception specification ignored except to indicate a function is not __declspec(nothrow)
c:\users\omer khan\documents\2211\lab12\lab12\weightedgraph.h(59): warning C4290: C++ exception specification ignored except to indicate a function is not __declspec(nothrow)
c:\users\omer khan\documents\2211\lab12\lab12\weightedgraph.h(61): warning C4290: C++ exception specification ignored except to indicate a function is not __declspec(nothrow)
c:\users\omer khan\documents\2211\lab12\lab12\weightedgraph.h(63): warning C4290: C++ exception specification ignored except to indicate a function is not __declspec(nothrow)
c:\users\omer khan\documents\2211\lab12\lab12\weightedgraph.cpp(105): warning C4290: C++ exception specification ignored except to indicate a function is not __declspec(nothrow)
c:\users\omer khan\documents\2211\lab12\lab12\weightedgraph.cpp(132): warning C4290: C++ exception specification ignored except to indicate a function is not __declspec(nothrow)
c:\users\omer khan\documents\2211\lab12\lab12\weightedgraph.cpp(171): warning C4290: C++ exception specification ignored except to indicate a function is not __declspec(nothrow)
c:\users\omer khan\documents\2211\lab12\lab12\weightedgraph.cpp(196): warning C4290: C++ exception specification ignored except to indicate a function is not __declspec(nothrow)
c:\users\omer khan\documents\2211\lab12\lab12\weightedgraph.cpp(224): warning C4290: C++ exception specification ignored except to indicate a function is not __declspec(nothrow)
  test12.cpp
c:\users\omer khan\documents\2211\lab12\lab12\weightedgraph.h(53): warning C4290: C++ exception specification ignored except to indicate a function is not __declspec(nothrow)
c:\users\omer khan\documents\2211\lab12\lab12\weightedgraph.h(55): warning C4290: C++ exception specification ignored except to indicate a function is not __declspec(nothrow)
c:\users\omer khan\documents\2211\lab12\lab12\weightedgraph.h(59): warning C4290: C++ exception specification ignored except to indicate a function is not __declspec(nothrow)
c:\users\omer khan\documents\2211\lab12\lab12\weightedgraph.h(61): warning C4290: C++ exception specification ignored except to indicate a function is not __declspec(nothrow)
c:\users\omer khan\documents\2211\lab12\lab12\weightedgraph.h(63): warning C4290: C++ exception specification ignored except to indicate a function is not __declspec(nothrow)
  Generating Code...
c:\users\omer khan\documents\2211\lab12\lab12\weightedgraph.cpp(91): warning C4715: 'WeightedGraph::operator=': not all control paths return a value
  Lab12.vcxproj -> C:\Users\Omer Khan\Documents\2211\Lab12\Debug\Lab12.exe
  Lab12.vcxproj -> C:\Users\Omer Khan\Documents\2211\Lab12\Debug\Lab12.pdb (Full PDB)
